\BOOKMARK [1][-]{section.1}{Section I}{}% 1
\BOOKMARK [2][-]{subsection.1.1}{BFS}{section.1}% 2
\BOOKMARK [2][-]{subsection.1.2}{DFS}{section.1}% 3
\BOOKMARK [2][-]{subsection.1.3}{Greedy}{section.1}% 4
\BOOKMARK [2][-]{subsection.1.4}{A*}{section.1}% 5
\BOOKMARK [1][-]{section.2}{Section II}{}% 6
\BOOKMARK [1][-]{section.3}{Section III}{}% 7
\BOOKMARK [2][-]{subsection.3.1}{BFS}{section.3}% 8
\BOOKMARK [3][-]{subsubsection.3.1.1}{mediumMaze.txt}{subsection.3.1}% 9
\BOOKMARK [3][-]{subsubsection.3.1.2}{bigMaze.txt}{subsection.3.1}% 10
\BOOKMARK [3][-]{subsubsection.3.1.3}{openMaze.txt}{subsection.3.1}% 11
\BOOKMARK [2][-]{subsection.3.2}{DFS}{section.3}% 12
\BOOKMARK [3][-]{subsubsection.3.2.1}{mediumMaze.txt}{subsection.3.2}% 13
\BOOKMARK [3][-]{subsubsection.3.2.2}{bigMaze.txt}{subsection.3.2}% 14
\BOOKMARK [3][-]{subsubsection.3.2.3}{openMaze.txt}{subsection.3.2}% 15
\BOOKMARK [2][-]{subsection.3.3}{Greedy}{section.3}% 16
\BOOKMARK [3][-]{subsubsection.3.3.1}{mediumMaze.txt}{subsection.3.3}% 17
\BOOKMARK [3][-]{subsubsection.3.3.2}{bigMaze.txt}{subsection.3.3}% 18
\BOOKMARK [3][-]{subsubsection.3.3.3}{openMaze.txt}{subsection.3.3}% 19
\BOOKMARK [2][-]{subsection.3.4}{A*}{section.3}% 20
\BOOKMARK [3][-]{subsubsection.3.4.1}{mediumMaze.txt}{subsection.3.4}% 21
\BOOKMARK [3][-]{subsubsection.3.4.2}{bigMaze.txt}{subsection.3.4}% 22
\BOOKMARK [3][-]{subsubsection.3.4.3}{openMaze.txt}{subsection.3.4}% 23
\BOOKMARK [1][-]{section.4}{Section IV}{}% 24
\BOOKMARK [2][-]{subsection.4.1}{tinySearch.txt}{section.4}% 25
\BOOKMARK [2][-]{subsection.4.2}{smallSearch.txt}{section.4}% 26
\BOOKMARK [2][-]{subsection.4.3}{mediumSearch.txt}{section.4}% 27
\BOOKMARK [1][-]{section.5}{Statement of Contribution}{}% 28
